<?xml version="1.0" encoding="UTF-8"?>
<!-- Generated by org.testng.reporters.JUnitReportReporter -->
<testsuite skipped="0" hostname="Xu-PC" name="com.gago.test.testsuite.TestUserLogin" tests="1" failures="0" timestamp="20 二月 2019 09:14:15 GMT" time="1.148" errors="0">
  <testcase name="userLogin" time="1.148" classname="com.gago.test.testsuite.TestUserLogin"/>
</testsuite> <!-- com.gago.test.testsuite.TestUserLogin -->
