<?xml version="1.0" encoding="UTF-8"?>
<!-- Generated by org.testng.reporters.JUnitReportReporter -->
<testsuite skipped="0" hostname="Xu-PC" name="com.gago.selenium.testsuite.TestLaunchBrowser" tests="1" failures="0" timestamp="20 二月 2019 07:07:08 GMT" time="0.730" errors="0">
  <testcase name="userLogin" time="0.730" classname="com.gago.selenium.testsuite.TestLaunchBrowser"/>
</testsuite> <!-- com.gago.selenium.testsuite.TestLaunchBrowser -->
